<?xml version="1.0" encoding="UTF-8"?>
<!-- Generated by org.testng.reporters.JUnitXMLReporter -->
<testsuite ignored="0" hostname="Naresh" failures="1" tests="1" name="Test" time="0.096" errors="0" timestamp="2024-03-10T13:59:18 IST">
  <testcase classname="MavenProject.POM_maven_project.LoginTestPage" name="VerifyLoginPage" time="0.028">
    <failure type="java.lang.NullPointerException" message="Cannot invoke &amp;quot;MavenProject.POM_maven_project.LoginPage.getpageTitle()&amp;quot; because &amp;quot;this.lp&amp;quot; is null">
      <![CDATA[java.lang.NullPointerException: Cannot invoke "MavenProject.POM_maven_project.LoginPage.getpageTitle()" because "this.lp" is null
at MavenProject.POM_maven_project.LoginTestPage.VerifyLoginPage(LoginTestPage.java:18)
at java.base/java.util.ArrayList.forEach(ArrayList.java:1511)
... Removed 27 stack frames]]>
    </failure>
  </testcase> <!-- VerifyLoginPage -->
</testsuite> <!-- Test -->
